<?xml version="1.0" encoding="UTF-8"?>
<!-- Generated by org.testng.reporters.JUnitReportReporter -->
<testsuite skipped="0" hostname="RCBAN0238" name="com.RestAssured.TC_05_Post_ReqRes_CreateUserTest" tests="1" failures="0" timestamp="07 Feb 2023 11:28:40 GMT" time="3.221" errors="0">
  <testcase name="verifyCreateUserTest" time="3.221" classname="com.RestAssured.TC_05_Post_ReqRes_CreateUserTest"/>
</testsuite> <!-- com.RestAssured.TC_05_Post_ReqRes_CreateUserTest -->
