<?xml version="1.0" encoding="UTF-8"?>
<!-- Generated by org.testng.reporters.JUnitReportReporter -->
<testsuite skipped="0" hostname="RCBAN0238" name="com.gitHub.TC_02_Post_CreateGitRepo" tests="1" failures="0" timestamp="03 Feb 2023 16:30:33 GMT" time="3.459" errors="0">
  <testcase name="verifyListUserTest" time="3.459" classname="com.gitHub.TC_02_Post_CreateGitRepo"/>
</testsuite> <!-- com.gitHub.TC_02_Post_CreateGitRepo -->
