<?xml version="1.0" encoding="UTF-8"?>
<!-- Generated by org.testng.reporters.JUnitReportReporter -->
<testsuite skipped="0" hostname="RCBAN0238" name="com.RestAssured.TC_03_UsingJsonPath" tests="1" failures="0" timestamp="07 Feb 2023 11:27:15 GMT" time="3.133" errors="0">
  <testcase name="verifyListTest" time="3.133" classname="com.RestAssured.TC_03_UsingJsonPath"/>
</testsuite> <!-- com.RestAssured.TC_03_UsingJsonPath -->
