<?xml version="1.0" encoding="UTF-8"?>
<!-- Generated by org.testng.reporters.JUnitReportReporter -->
<testsuite skipped="0" hostname="RCBAN0238" name="com.gitHub.TC_03_UserUpdate" tests="1" failures="0" timestamp="03 Feb 2023 12:45:27 GMT" time="2.358" errors="0">
  <testcase name="verifyListUserTest" time="2.358" classname="com.gitHub.TC_03_UserUpdate"/>
</testsuite> <!-- com.gitHub.TC_03_UserUpdate -->
