<?xml version="1.0" encoding="UTF-8"?>
<!-- Generated by org.testng.reporters.JUnitReportReporter -->
<testsuite skipped="0" hostname="RCBAN0238" name="com.gitHub.TC_04_GitHub" tests="1" failures="0" timestamp="03 Feb 2023 11:16:03 GMT" time="1.846" errors="0">
  <testcase name="verifyListUserTest" time="1.846" classname="com.gitHub.TC_04_GitHub"/>
</testsuite> <!-- com.gitHub.TC_04_GitHub -->
