<?xml version="1.0" encoding="UTF-8"?>
<!-- Generated by org.testng.reporters.JUnitReportReporter -->
<testsuite skipped="0" hostname="RCBAN0238" name="com.exercise.TC_03_Post_CreateUser_FileExample2_XML" tests="1" failures="0" timestamp="07 Feb 2023 13:08:14 GMT" time="3.098" errors="0">
  <testcase name="verifyCreateUserTest" time="3.098" classname="com.exercise.TC_03_Post_CreateUser_FileExample2_XML"/>
</testsuite> <!-- com.exercise.TC_03_Post_CreateUser_FileExample2_XML -->
