<?xml version="1.0" encoding="UTF-8"?>
<!-- Generated by org.testng.reporters.JUnitReportReporter -->
<testsuite skipped="0" hostname="RCBAN0238" name="com.RestAssured.TC_03_UsingJsonPath_University" tests="1" failures="0" timestamp="02 Feb 2023 11:24:51 GMT" time="4.019" errors="0">
  <testcase name="verifyListTest" time="4.019" classname="com.RestAssured.TC_03_UsingJsonPath_University"/>
</testsuite> <!-- com.RestAssured.TC_03_UsingJsonPath_University -->
