<?xml version="1.0" encoding="UTF-8"?>
<!-- Generated by org.testng.reporters.JUnitReportReporter -->
<testsuite skipped="0" hostname="RCBAN0238" name="com.RestAssured.TC_01B_VerifyAutomationTool" tests="1" failures="0" timestamp="06 Feb 2023 14:22:44 GMT" time="3.031" errors="0">
  <testcase name="verifyRestAssuredTest" time="3.031" classname="com.RestAssured.TC_01B_VerifyAutomationTool"/>
</testsuite> <!-- com.RestAssured.TC_01B_VerifyAutomationTool -->
