<?xml version="1.0" encoding="UTF-8"?>
<!-- Generated by org.testng.reporters.JUnitReportReporter -->
<testsuite skipped="0" hostname="RCBAN0238" name="com.gitHub.TC_01_Get_GitHub" tests="1" failures="0" timestamp="06 Feb 2023 11:38:21 GMT" time="2.416" errors="0">
  <testcase name="verifyListUserTest" time="2.416" classname="com.gitHub.TC_01_Get_GitHub"/>
</testsuite> <!-- com.gitHub.TC_01_Get_GitHub -->
