<?xml version="1.0" encoding="UTF-8"?>
<!-- Generated by org.testng.reporters.JUnitReportReporter -->
<testsuite skipped="0" hostname="RCBAN0238" name="parallelTest.test" tests="1" failures="0" timestamp="30 Jan 2023 14:23:48 GMT" time="1.673" errors="0">
  <testcase name="validateReqResTest" time="1.673" classname="parallelTest.test"/>
</testsuite> <!-- parallelTest.test -->
