<?xml version="1.0" encoding="UTF-8"?>
<!-- Generated by org.testng.reporters.JUnitReportReporter -->
<testsuite skipped="0" hostname="RCBAN0238" name="com.gitHub.TC_04_Put_UpdateUser" tests="1" failures="0" timestamp="03 Feb 2023 13:01:36 GMT" time="2.896" errors="0">
  <testcase name="verifyUpdateUserTest" time="2.896" classname="com.gitHub.TC_04_Put_UpdateUser"/>
</testsuite> <!-- com.gitHub.TC_04_Put_UpdateUser -->
