<?xml version="1.0" encoding="UTF-8"?>
<!-- Generated by org.testng.reporters.JUnitReportReporter -->
<testsuite skipped="0" hostname="RCBAN0238" name="com.XmlToJason.TC_03_Post_CreateBooking_JSON_extract" tests="2" failures="0" timestamp="09 Feb 2023 10:55:31 GMT" time="11.951" errors="0">
  <testcase name="verifyCreateUserTest" time="7.490" classname="com.XmlToJason.TC_03_Post_CreateBooking_JSON_extract"/>
  <testcase name="verifyUpdateBookingTest" time="4.461" classname="com.XmlToJason.TC_03_Post_CreateBooking_JSON_extract"/>
</testsuite> <!-- com.XmlToJason.TC_03_Post_CreateBooking_JSON_extract -->
