<?xml version="1.0" encoding="UTF-8"?>
<!-- Generated by org.testng.reporters.JUnitReportReporter -->
<testsuite skipped="0" hostname="RCBAN0238" name="com.RestAssured.TC_07_Post_ReqRes_CreateUser_DDD" tests="3" failures="0" timestamp="06 Feb 2023 12:07:17 GMT" time="4.340" errors="0">
  <testcase name="verifyCreateUserTest" time="2.815" classname="com.RestAssured.TC_07_Post_ReqRes_CreateUser_DDD"/>
  <testcase name="verifyCreateUserTest" time="0.772" classname="com.RestAssured.TC_07_Post_ReqRes_CreateUser_DDD"/>
  <testcase name="verifyCreateUserTest" time="0.753" classname="com.RestAssured.TC_07_Post_ReqRes_CreateUser_DDD"/>
</testsuite> <!-- com.RestAssured.TC_07_Post_ReqRes_CreateUser_DDD -->
