<?xml version="1.0" encoding="UTF-8"?>
<!-- Generated by org.testng.reporters.JUnitReportReporter -->
<testsuite skipped="0" hostname="RCBAN0238" name="parallelTest.A1_ParallelTest" tests="2" failures="0" timestamp="16 Aug 2022 04:54:07 GMT" time="45.924" errors="0">
  <testcase name="parallelTest" time="21.619" classname="parallelTest.A1_ParallelTest"/>
  <testcase name="parallelTest" time="24.305" classname="parallelTest.A1_ParallelTest"/>
</testsuite> <!-- parallelTest.A1_ParallelTest -->
