<?xml version="1.0" encoding="UTF-8"?>
<!-- Generated by org.testng.reporters.JUnitReportReporter -->
<testsuite skipped="0" hostname="RCBAN0238" name="com.RestAssured.TC_02_ReqRes_Prop" tests="1" failures="0" timestamp="31 Jan 2023 11:46:12 GMT" time="1.656" errors="0">
  <testcase name="validateReqResTest" time="1.656" classname="com.RestAssured.TC_02_ReqRes_Prop"/>
</testsuite> <!-- com.RestAssured.TC_02_ReqRes_Prop -->
