<?xml version="1.0" encoding="UTF-8"?>
<!-- Generated by org.testng.reporters.JUnitReportReporter -->
<testsuite skipped="0" hostname="RCBAN0238" name="com.exercise.TC_03_Post_CreateUser_FileExample" tests="1" failures="0" timestamp="07 Feb 2023 12:15:06 GMT" time="3.696" errors="0">
  <testcase name="verifyCreateUserTest" time="3.696" classname="com.exercise.TC_03_Post_CreateUser_FileExample"/>
</testsuite> <!-- com.exercise.TC_03_Post_CreateUser_FileExample -->
