<?xml version="1.0" encoding="UTF-8"?>
<!-- Generated by org.testng.reporters.JUnitReportReporter -->
<testsuite skipped="0" hostname="RCBAN0238" name="com.RestAssured.TC_01_Get_ListUser_validation2" tests="1" failures="0" timestamp="07 Feb 2023 11:24:51 GMT" time="2.876" errors="0">
  <testcase name="verifyListUserTest" time="2.876" classname="com.RestAssured.TC_01_Get_ListUser_validation2"/>
</testsuite> <!-- com.RestAssured.TC_01_Get_ListUser_validation2 -->
