<?xml version="1.0" encoding="UTF-8"?>
<!-- Generated by org.testng.reporters.JUnitReportReporter -->
<testsuite skipped="0" hostname="RCBAN0238" name="com.RestAssured.TC_01C_DeleteReq" tests="1" failures="0" timestamp="06 Feb 2023 13:28:15 GMT" time="2.281" errors="0">
  <testcase name="verifyDeleteUserTest" time="2.281" classname="com.RestAssured.TC_01C_DeleteReq"/>
</testsuite> <!-- com.RestAssured.TC_01C_DeleteReq -->
