<?xml version="1.0" encoding="UTF-8"?>
<!-- Generated by org.testng.reporters.JUnitReportReporter -->
<testsuite skipped="0" hostname="RCBAN0238" name="com.queryParam.TC_01_Get_WeatherDetails_QueryParam2" tests="1" failures="0" timestamp="03 Feb 2023 13:12:30 GMT" time="2.542" errors="0">
  <testcase name="verifyWeathterQueryParam" time="2.542" classname="com.queryParam.TC_01_Get_WeatherDetails_QueryParam2"/>
</testsuite> <!-- com.queryParam.TC_01_Get_WeatherDetails_QueryParam2 -->
