<?xml version="1.0" encoding="UTF-8"?>
<!-- Generated by org.testng.reporters.JUnitReportReporter -->
<testsuite skipped="0" hostname="RCBAN0238" name="com.gitHub.TC_01_CreteGitRepo" tests="1" failures="0" timestamp="03 Feb 2023 16:27:32 GMT" time="3.726" errors="0">
  <testcase name="verifyListUserTest" time="3.726" classname="com.gitHub.TC_01_CreteGitRepo"/>
</testsuite> <!-- com.gitHub.TC_01_CreteGitRepo -->
