<?xml version="1.0" encoding="UTF-8"?>
<!-- Generated by org.testng.reporters.JUnitReportReporter -->
<testsuite skipped="0" hostname="RCBAN0238" name="com.RestAssured.TC_01_ReqRes" tests="1" failures="0" timestamp="31 Jan 2023 11:34:31 GMT" time="1.684" errors="0">
  <testcase name="validateReqResTest" time="1.684" classname="com.RestAssured.TC_01_ReqRes"/>
</testsuite> <!-- com.RestAssured.TC_01_ReqRes -->
