<?xml version="1.0" encoding="UTF-8"?>
<!-- Generated by org.testng.reporters.JUnitReportReporter -->
<testsuite skipped="0" hostname="RCBAN0238" name="com.gitHub.TC_05_Post_ReqRes_CreateUserTest" tests="1" failures="0" timestamp="03 Feb 2023 11:07:09 GMT" time="2.622" errors="0">
  <testcase name="verifyCreateUserTest" time="2.622" classname="com.gitHub.TC_05_Post_ReqRes_CreateUserTest"/>
</testsuite> <!-- com.gitHub.TC_05_Post_ReqRes_CreateUserTest -->
